#
# There is insufficient memory for the Java Runtime Environment to continue.
# Native memory allocation (mmap) failed to map 65011712 bytes for Failed to commit area from 0x00000000c2200000 to 0x00000000c6000000 of length 65011712.
# Possible reasons:
#   The system is out of physical RAM or swap space
#   The process is running with CompressedOops enabled, and the Java Heap may be blocking the growth of the native heap
# Possible solutions:
#   Reduce memory load on the system
#   Increase physical memory or swap space
#   Check if swap backing store is full
#   Decrease Java heap size (-Xmx/-Xms)
#   Decrease number of Java threads
#   Decrease Java thread stack sizes (-Xss)
#   Set larger code cache with -XX:ReservedCodeCacheSize=
# This output file may be truncated or incomplete.
#
#  Out of Memory Error (./src/hotspot/os/windows/os_windows.cpp:3303), pid=8188, tid=6380
#
# JRE version:  (11.0.9+11) (build )
# Java VM: OpenJDK 64-Bit Server VM (11.0.9+11-b1145.21, mixed mode, sharing, tiered, compressed oops, g1 gc, windows-amd64)
# No core dump will be written. Minidumps are not enabled by default on client versions of Windows
#

---------------  S U M M A R Y ------------

Command Line: org.jetbrains.git4idea.http.GitAskPassApp Username for 'https://github.com': 

Host: AMD A4-9120e RADEON R3, 4 COMPUTE CORES 2C+2G  , 2 cores, 3G,  Windows 10 , 64 bit Build 18362 (10.0.18362.1110)
Time: Wed Jan  6 14:03:42 2021 Paris, Madrid elapsed time: 0.042419 seconds (0d 0h 0m 0s)

---------------  T H R E A D  ---------------

Current thread (0x000002689ad8b800):  JavaThread "Unknown thread" [_thread_in_vm, id=6380, stack(0x000000b600500000,0x000000b600600000)]

Stack: [0x000000b600500000,0x000000b600600000]
Native frames: (J=compiled Java code, j=interpreted, Vv=VM code, C=native code)
V  [jvm.dll+0x5ed3ca]
V  [jvm.dll+0x722725]
V  [jvm.dll+0x723c7d]
V  [jvm.dll+0x724333]
V  [jvm.dll+0x242bd8]
V  [jvm.dll+0x5ea884]
V  [jvm.dll+0x5df995]
V  [jvm.dll+0x2fe13b]
V  [jvm.dll+0x2fe0aa]
V  [jvm.dll+0x2fdf82]
V  [jvm.dll+0x302e56]
V  [jvm.dll+0x34b583]
V  [jvm.dll+0x34bc86]
V  [jvm.dll+0x34b683]
V  [jvm.dll+0x2d8df8]
V  [jvm.dll+0x2d9f97]
V  [jvm.dll+0x701517]
V  [jvm.dll+0x702d0c]
V  [jvm.dll+0x358b39]
V  [jvm.dll+0x6e4f9e]
V  [jvm.dll+0x3c0db3]
V  [jvm.dll+0x3c2f61]
C  [jli.dll+0x5373]
C  [ucrtbase.dll+0x210b2]
C  [KERNEL32.DLL+0x17c24]
C  [ntdll.dll+0x6d4d1]


---------------  P R O C E S S  ---------------

Threads class SMR info:
_java_thread_list=0x0000026898cc7140, length=0, elements={
}

Java Threads: ( => current thread )

Other Threads:
  0x000002689ada3800 GCTaskThread "GC Thread#0" [stack: 0x000000b600600000,0x000000b600700000] [id=6632]
  0x000002689adbe800 ConcurrentGCThread "G1 Main Marker" [stack: 0x000000b600700000,0x000000b600800000] [id=6936]
  0x000002689adc0000 ConcurrentGCThread "G1 Conc#0" [stack: 0x000000b600800000,0x000000b600900000] [id=5216]

[error occurred during error reporting (printing all threads), id 0xc0000005, EXCEPTION_ACCESS_VIOLATION (0xc0000005) at pc=0x00007ffe33779397]

VM state:not at safepoint (not fully initialized)

VM Mutex/Monitor currently owned by a thread:  ([mutex/lock_event])
[0x000002689ad878d0] Heap_lock - owner thread: 0x000002689ad8b800

Heap address: 0x00000000c2200000, size: 990 MB, Compressed Oops mode: Non-zero based: 0x00000000c2200000
Narrow klass base: 0x0000000000000000, Narrow klass shift: 0

GC Heap History (0 events):
No events

Deoptimization events (0 events):
No events

Classes redefined (0 events):
No events

Internal exceptions (0 events):
No events

Events (1 events):
Event: 0.021 Loaded shared library C:\Program Files\JetBrains\IntelliJ IDEA Community Edition 2020.3\jbr\bin\zip.dll


Dynamic libraries:
0x00007ff63bbd0000 - 0x00007ff63bbda000 	C:\Program Files\JetBrains\IntelliJ IDEA Community Edition 2020.3\jbr\bin\java.exe
0x00007ffe79a60000 - 0x00007ffe79c50000 	C:\WINDOWS\SYSTEM32\ntdll.dll
0x00007ffe78310000 - 0x00007ffe783c2000 	C:\WINDOWS\System32\KERNEL32.DLL
0x00007ffe76cd0000 - 0x00007ffe76f75000 	C:\WINDOWS\System32\KERNELBASE.dll
0x00007ffe76a20000 - 0x00007ffe76b1a000 	C:\WINDOWS\System32\ucrtbase.dll
0x00007ffe4eb80000 - 0x00007ffe4eb99000 	C:\Program Files\JetBrains\IntelliJ IDEA Community Edition 2020.3\jbr\bin\jli.dll
0x00007ffe792e0000 - 0x00007ffe79474000 	C:\WINDOWS\System32\USER32.dll
0x00007ffe4cf80000 - 0x00007ffe4cf97000 	C:\Program Files\JetBrains\IntelliJ IDEA Community Edition 2020.3\jbr\bin\VCRUNTIME140.dll
0x00007ffe77170000 - 0x00007ffe77191000 	C:\WINDOWS\System32\win32u.dll
0x00007ffe77b10000 - 0x00007ffe77b36000 	C:\WINDOWS\System32\GDI32.dll
0x00007ffe76f80000 - 0x00007ffe77116000 	C:\WINDOWS\System32\gdi32full.dll
0x00007ffe76c30000 - 0x00007ffe76cce000 	C:\WINDOWS\System32\msvcp_win.dll
0x00007ffe62230000 - 0x00007ffe624b4000 	C:\WINDOWS\WinSxS\amd64_microsoft.windows.common-controls_6595b64144ccf1df_6.0.18362.1256_none_9e7e379be45e40e2\COMCTL32.dll
0x00007ffe78b50000 - 0x00007ffe78bee000 	C:\WINDOWS\System32\msvcrt.dll
0x00007ffe77fd0000 - 0x00007ffe78306000 	C:\WINDOWS\System32\combase.dll
0x00007ffe797d0000 - 0x00007ffe798f0000 	C:\WINDOWS\System32\RPCRT4.dll
0x00007ffe77a80000 - 0x00007ffe77b01000 	C:\WINDOWS\System32\bcryptPrimitives.dll
0x00007ffe77cd0000 - 0x00007ffe77cfe000 	C:\WINDOWS\System32\IMM32.DLL
0x00007ffe3f470000 - 0x00007ffe3f50d000 	C:\Program Files\JetBrains\IntelliJ IDEA Community Edition 2020.3\jbr\bin\msvcp140.dll
0x00007ffe33490000 - 0x00007ffe33f5e000 	C:\Program Files\JetBrains\IntelliJ IDEA Community Edition 2020.3\jbr\bin\server\jvm.dll
0x00007ffe795e0000 - 0x00007ffe79683000 	C:\WINDOWS\System32\ADVAPI32.dll
0x00007ffe77bc0000 - 0x00007ffe77c57000 	C:\WINDOWS\System32\sechost.dll
0x00007ffe77bb0000 - 0x00007ffe77bb8000 	C:\WINDOWS\System32\PSAPI.DLL
0x00007ffe70320000 - 0x00007ffe70329000 	C:\WINDOWS\SYSTEM32\WSOCK32.dll
0x00007ffe745e0000 - 0x00007ffe74604000 	C:\WINDOWS\SYSTEM32\WINMM.dll
0x00007ffe799b0000 - 0x00007ffe79a1f000 	C:\WINDOWS\System32\WS2_32.dll
0x00007ffe6fa10000 - 0x00007ffe6fa1a000 	C:\WINDOWS\SYSTEM32\VERSION.dll
0x00007ffe74480000 - 0x00007ffe744ad000 	C:\WINDOWS\SYSTEM32\WINMMBASE.dll
0x00007ffe769d0000 - 0x00007ffe76a1a000 	C:\WINDOWS\System32\cfgmgr32.dll
0x00007ffe76910000 - 0x00007ffe76921000 	C:\WINDOWS\System32\kernel.appcore.dll
0x00007ffe6bc60000 - 0x00007ffe6bc71000 	C:\Program Files\JetBrains\IntelliJ IDEA Community Edition 2020.3\jbr\bin\verify.dll
0x00007ffe752a0000 - 0x00007ffe75494000 	C:\WINDOWS\SYSTEM32\DBGHELP.DLL
0x00007ffe61170000 - 0x00007ffe6119a000 	C:\WINDOWS\SYSTEM32\dbgcore.DLL
0x00007ffe6bc30000 - 0x00007ffe6bc59000 	C:\Program Files\JetBrains\IntelliJ IDEA Community Edition 2020.3\jbr\bin\java.dll
0x00007ffe702d0000 - 0x00007ffe702db000 	C:\Program Files\JetBrains\IntelliJ IDEA Community Edition 2020.3\jbr\bin\jimage.dll
0x00007ffe6bc10000 - 0x00007ffe6bc28000 	C:\Program Files\JetBrains\IntelliJ IDEA Community Edition 2020.3\jbr\bin\zip.dll

dbghelp: loaded successfully - version: 4.0.5 - missing functions: none
symbol engine: initialized successfully - sym options: 0x614 - pdb path: .;C:\Program Files\JetBrains\IntelliJ IDEA Community Edition 2020.3\jbr\bin;C:\WINDOWS\SYSTEM32;C:\WINDOWS\WinSxS\amd64_microsoft.windows.common-controls_6595b64144ccf1df_6.0.18362.1256_none_9e7e379be45e40e2;C:\Program Files\JetBrains\IntelliJ IDEA Community Edition 2020.3\jbr\bin\server

VM Arguments:
java_command: org.jetbrains.git4idea.http.GitAskPassApp Username for 'https://github.com': 
java_class_path (initial): C:/Program Files/JetBrains/IntelliJ IDEA Community Edition 2020.3/plugins/git4idea/lib/git4idea-rt.jar;C:/Program Files/JetBrains/IntelliJ IDEA Community Edition 2020.3/lib/xmlrpc-2.0.1.jar;C:/Program Files/JetBrains/IntelliJ IDEA Community Edition 2020.3/lib/commons-codec-1.14.jar
Launcher Type: SUN_STANDARD

[Global flags]
     intx CICompilerCount                          = 2                                         {product} {ergonomic}
     uint ConcGCThreads                            = 1                                         {product} {ergonomic}
     uint G1ConcRefinementThreads                  = 2                                         {product} {ergonomic}
   size_t G1HeapRegionSize                         = 1048576                                   {product} {ergonomic}
    uintx GCDrainStackTargetSize                   = 64                                        {product} {ergonomic}
   size_t InitialHeapSize                          = 65011712                                  {product} {ergonomic}
   size_t MarkStackSize                            = 4194304                                   {product} {ergonomic}
   size_t MaxHeapSize                              = 1038090240                                {product} {ergonomic}
   size_t MinHeapDeltaBytes                        = 1048576                                   {product} {ergonomic}
    uintx NonNMethodCodeHeapSize                   = 5825164                                {pd product} {ergonomic}
    uintx NonProfiledCodeHeapSize                  = 122916538                              {pd product} {ergonomic}
    uintx ProfiledCodeHeapSize                     = 122916538                              {pd product} {ergonomic}
    uintx ReservedCodeCacheSize                    = 251658240                              {pd product} {ergonomic}
     bool SegmentedCodeCache                       = true                                      {product} {ergonomic}
     bool UseCompressedClassPointers               = true                                 {lp64_product} {ergonomic}
     bool UseCompressedOops                        = true                                 {lp64_product} {ergonomic}
     bool UseG1GC                                  = true                                      {product} {ergonomic}
     bool UseLargePagesIndividualAllocation        = false                                  {pd product} {ergonomic}

Logging:
Log output configuration:
 #0: stdout all=warning uptime,level,tags
 #1: stderr all=off uptime,level,tags

Environment Variables:
JAVA_HOME=C:\Program Files\Java\jdk-9.0.4
PATH=C:\Program Files\Git\mingw64\libexec\git-core;C:\Program Files\Git\mingw64\libexec\git-core;C:\Program Files\Git\mingw64\bin;C:\Program Files\Git\usr\bin;C:\Users\dance\bin;C:\Program Files\AdoptOpenJDK\jdk-8.0.275.1-hotspot\bin;C:\WINDOWS\system32;C:\WINDOWS;C:\WINDOWS\System32\Wbem;C:\WINDOWS\System32\WindowsPowerShell\v1.0;C:\WINDOWS\System32\OpenSSH;C:\Program Files\Git\cmd;C:\Program Files\Java\jdk-9.0.4\bin;C:\Users\dance\AppData\Local\Microsoft\WindowsApps
USERNAME=dance
DISPLAY=:0.0
LC_ALL=en_US.UTF-8
OS=Windows_NT
PROCESSOR_IDENTIFIER=AMD64 Family 21 Model 112 Stepping 0, AuthenticAMD



---------------  S Y S T E M  ---------------

OS: Windows 10 , 64 bit Build 18362 (10.0.18362.1110)
OS uptime: 0 days 20:05 hours

CPU:total 2 (initial active 2) (2 cores per cpu, 1 threads per core) family 21 model 112 stepping 0, cmov, cx8, fxsr, mmx, sse, sse2, sse3, ssse3, sse4.1, sse4.2, popcnt, avx, avx2, aes, clmul, mmxext, 3dnowpref, lzcnt, sse4a, tsc, tscinvbit, tscinv, bmi1, bmi2, fma

Memory: 4k page, system-wide physical 3957M (404M free)
TotalPageFile size 5118M (AvailPageFile size 52M)
current process WorkingSet (physical memory assigned to process): 9M, peak: 9M
current process commit charge ("private bytes"): 47M, peak: 109M

vm_info: OpenJDK 64-Bit Server VM (11.0.9+11-b1145.21) for windows-amd64 JRE (11.0.9+11-b1145.21), built on Nov 21 2020 14:37:09 by "" with MS VC++ 14.0 (VS2015)

END.
